<?xml version="1.0" encoding="UTF-8"?>
<testsuite name="org.deblock.exercise.controller.DeblockFlightControllerIntegrationTest" tests="4" skipped="0" failures="0" errors="0" timestamp="2022-11-27T13:23:54" hostname="Manjushrees-MacBook-Pro.local" time="0.086">
  <properties/>
  <testcase name="testHome()" classname="org.deblock.exercise.controller.DeblockFlightControllerIntegrationTest" time="0.034"/>
  <testcase name="testGetFlights()" classname="org.deblock.exercise.controller.DeblockFlightControllerIntegrationTest" time="0.04"/>
  <testcase name="testGetFlightsForInvalidOrigin()" classname="org.deblock.exercise.controller.DeblockFlightControllerIntegrationTest" time="0.006"/>
  <testcase name="testGetFlightsForInvalidDepartureDate()" classname="org.deblock.exercise.controller.DeblockFlightControllerIntegrationTest" time="0.003"/>
  <system-out><![CDATA[2022-11-27 13:23:54.144  INFO 10966 --- [    Test worker] .b.t.a.w.s.WebMvcTestContextBootstrapper : Neither @ContextConfiguration nor @ContextHierarchy found for test class [org.deblock.exercise.controller.DeblockFlightControllerIntegrationTest], using SpringBootContextLoader
2022-11-27 13:23:54.145  INFO 10966 --- [    Test worker] o.s.t.c.support.AbstractContextLoader    : Could not detect default resource locations for test class [org.deblock.exercise.controller.DeblockFlightControllerIntegrationTest]: no resource found for suffixes {-context.xml, Context.groovy}.
2022-11-27 13:23:54.145  INFO 10966 --- [    Test worker] t.c.s.AnnotationConfigContextLoaderUtils : Could not detect default configuration classes for test class [org.deblock.exercise.controller.DeblockFlightControllerIntegrationTest]: DeblockFlightControllerIntegrationTest does not declare any static, non-private, non-final, nested classes annotated with @Configuration.
2022-11-27 13:23:54.154  INFO 10966 --- [    Test worker] .b.t.c.SpringBootTestContextBootstrapper : Found @SpringBootConfiguration org.deblock.exercise.ExerciseApplication for test class org.deblock.exercise.controller.DeblockFlightControllerIntegrationTest
2022-11-27 13:23:54.155  INFO 10966 --- [    Test worker] .b.t.a.w.s.WebMvcTestContextBootstrapper : Loaded default TestExecutionListener class names from location [META-INF/spring.factories]: [org.springframework.boot.test.autoconfigure.restdocs.RestDocsTestExecutionListener, org.springframework.boot.test.autoconfigure.web.client.MockRestServiceServerResetTestExecutionListener, org.springframework.boot.test.autoconfigure.web.servlet.MockMvcPrintOnlyOnFailureTestExecutionListener, org.springframework.boot.test.autoconfigure.web.servlet.WebDriverTestExecutionListener, org.springframework.boot.test.autoconfigure.webservices.client.MockWebServiceServerTestExecutionListener, org.springframework.boot.test.mock.mockito.MockitoTestExecutionListener, org.springframework.boot.test.mock.mockito.ResetMocksTestExecutionListener, org.springframework.test.context.web.ServletTestExecutionListener, org.springframework.test.context.support.DirtiesContextBeforeModesTestExecutionListener, org.springframework.test.context.event.ApplicationEventsTestExecutionListener, org.springframework.test.context.support.DependencyInjectionTestExecutionListener, org.springframework.test.context.support.DirtiesContextTestExecutionListener, org.springframework.test.context.transaction.TransactionalTestExecutionListener, org.springframework.test.context.jdbc.SqlScriptsTestExecutionListener, org.springframework.test.context.event.EventPublishingTestExecutionListener]
2022-11-27 13:23:54.155  INFO 10966 --- [    Test worker] .b.t.a.w.s.WebMvcTestContextBootstrapper : Using TestExecutionListeners: [org.springframework.test.context.web.ServletTestExecutionListener@3abadb65, org.springframework.test.context.support.DirtiesContextBeforeModesTestExecutionListener@7131d668, org.springframework.test.context.event.ApplicationEventsTestExecutionListener@46a97805, org.springframework.boot.test.mock.mockito.MockitoTestExecutionListener@667dd150, org.springframework.boot.test.autoconfigure.SpringBootDependencyInjectionTestExecutionListener@af04f09, org.springframework.test.context.support.DirtiesContextTestExecutionListener@758d4aa9, org.springframework.test.context.transaction.TransactionalTestExecutionListener@78e97d4d, org.springframework.test.context.jdbc.SqlScriptsTestExecutionListener@7096d451, org.springframework.test.context.event.EventPublishingTestExecutionListener@7816454d, org.springframework.boot.test.autoconfigure.restdocs.RestDocsTestExecutionListener@67d180e4, org.springframework.boot.test.autoconfigure.web.client.MockRestServiceServerResetTestExecutionListener@54e18a46, org.springframework.boot.test.autoconfigure.web.servlet.MockMvcPrintOnlyOnFailureTestExecutionListener@1293f8d7, org.springframework.boot.test.autoconfigure.web.servlet.WebDriverTestExecutionListener@58e5fbe5, org.springframework.boot.test.autoconfigure.webservices.client.MockWebServiceServerTestExecutionListener@335896bd, org.springframework.boot.test.mock.mockito.ResetMocksTestExecutionListener@6b33892a]

  .   ____          _            __ _ _
 /\\ / ___'_ __ _ _(_)_ __  __ _ \ \ \ \
( ( )\___ | '_ | '_| | '_ \/ _` | \ \ \ \
 \\/  ___)| |_)| | | | | || (_| |  ) ) ) )
  '  |____| .__|_| |_|_| |_\__, | / / / /
 =========|_|==============|___/=/_/_/_/
 :: Spring Boot ::                (v2.7.5)

2022-11-27 13:23:54.164  INFO 10966 --- [    Test worker] c.DeblockFlightControllerIntegrationTest : Starting DeblockFlightControllerIntegrationTest using Java 17.0.5 on Manjushrees-MacBook-Pro.local with PID 10966 (started by manjushreehegde in /Users/manjushreehegde/Desktop/Mahesh/deblock/deblock)
2022-11-27 13:23:54.164  INFO 10966 --- [    Test worker] c.DeblockFlightControllerIntegrationTest : No active profile set, falling back to 1 default profile: "default"
2022-11-27 13:23:54.250  INFO 10966 --- [      Thread-22] o.e.jetty.server.AbstractConnector       : Stopped NetworkTrafficServerConnector@5a08efdc{HTTP/1.1, (http/1.1, h2c)}{0.0.0.0:8002}
2022-11-27 13:23:54.250  INFO 10966 --- [      Thread-21] o.e.jetty.server.AbstractConnector       : Stopped NetworkTrafficServerConnector@783115d9{HTTP/1.1, (http/1.1, h2c)}{0.0.0.0:8001}
2022-11-27 13:23:54.250  INFO 10966 --- [      Thread-21] o.e.jetty.server.handler.ContextHandler  : Stopped o.e.j.s.ServletContextHandler@211febf3{/,null,STOPPED}
2022-11-27 13:23:54.250  INFO 10966 --- [      Thread-22] o.e.jetty.server.handler.ContextHandler  : Stopped o.e.j.s.ServletContextHandler@7544ac86{/,null,STOPPED}
2022-11-27 13:23:54.250  INFO 10966 --- [      Thread-21] o.e.jetty.server.handler.ContextHandler  : Stopped o.e.j.s.ServletContextHandler@624a24f6{/__admin,null,STOPPED}
2022-11-27 13:23:54.251  INFO 10966 --- [      Thread-22] o.e.jetty.server.handler.ContextHandler  : Stopped o.e.j.s.ServletContextHandler@648d0e6d{/__admin,null,STOPPED}
2022-11-27 13:23:54.350  INFO 10966 --- [    Test worker] o.s.b.t.m.w.SpringBootMockServletContext : Initializing Spring TestDispatcherServlet ''
2022-11-27 13:23:54.350  INFO 10966 --- [    Test worker] o.s.t.web.servlet.TestDispatcherServlet  : Initializing Servlet ''
2022-11-27 13:23:54.350  INFO 10966 --- [    Test worker] o.s.t.web.servlet.TestDispatcherServlet  : Completed initialization in 0 ms
2022-11-27 13:23:54.355  INFO 10966 --- [    Test worker] c.DeblockFlightControllerIntegrationTest : Started DeblockFlightControllerIntegrationTest in 0.199 seconds (JVM running for 2.363)
2022-11-27 13:23:54.438  WARN 10966 --- [    Test worker] .w.s.m.s.DefaultHandlerExceptionResolver : Resolved [org.springframework.web.bind.MethodArgumentNotValidException: Validation failed for argument [0] in public org.springframework.http.ResponseEntity<java.util.List<org.deblock.exercise.model.SearchResponseParam>> org.deblock.exercise.controller.DeblockFlightController.getFlights(org.deblock.exercise.model.SearchRequestParam): [Field error in object 'searchRequestParam' on field 'origin': rejected value [LH]; codes [Size.searchRequestParam.origin,Size.origin,Size.java.lang.String,Size]; arguments [org.springframework.context.support.DefaultMessageSourceResolvable: codes [searchRequestParam.origin,origin]; arguments []; default message [origin],3,3]; default message [Origin should be 3 character long]] ]
2022-11-27 13:23:54.442  WARN 10966 --- [    Test worker] .w.s.m.s.DefaultHandlerExceptionResolver : Resolved [org.springframework.web.bind.MethodArgumentNotValidException: Validation failed for argument [0] in public org.springframework.http.ResponseEntity<java.util.List<org.deblock.exercise.model.SearchResponseParam>> org.deblock.exercise.controller.DeblockFlightController.getFlights(org.deblock.exercise.model.SearchRequestParam): [Field error in object 'searchRequestParam' on field 'departureDate': rejected value [2022-11-26]; codes [FutureOrPresent.searchRequestParam.departureDate,FutureOrPresent.departureDate,FutureOrPresent.java.time.LocalDate,FutureOrPresent]; arguments [org.springframework.context.support.DefaultMessageSourceResolvable: codes [searchRequestParam.departureDate,departureDate]; arguments []; default message [departureDate]]; default message [Departure date should be greater than present]] ]
]]></system-out>
  <system-err><![CDATA[]]></system-err>
</testsuite>
